[Message:   BepInEx] BepInEx 5.4.21.0 - Lethal Company (11/29/2023 11:08:07 PM)
[Info   :   BepInEx] Running under Unity v2022.3.9.15351836
[Info   :   BepInEx] CLR runtime version: 4.0.30319.42000
[Info   :   BepInEx] Supports SRE: True
[Info   :   BepInEx] System platform: Bits64, Windows
[Message:   BepInEx] Preloader started
[Info   :   BepInEx] Loaded 1 patcher method from [BepInEx.Preloader 5.4.21.0]
[Info   :   BepInEx] 1 patcher plugin loaded
[Info   :   BepInEx] Patching [UnityEngine.CoreModule] with [BepInEx.Chainloader]
[Message:   BepInEx] Preloader finished
[Message:   BepInEx] Chainloader ready
[Message:   BepInEx] Chainloader started
[Info   :   BepInEx] 6 plugins to load
[Warning:   BepInEx] Plugin [Too Many Suits 1.0.9] targets a wrong version of BepInEx (5.4.22.0) and might not work until you update
[Info   :   BepInEx] Loading [Lethal Sounds 1.0.0]
[Info   :Lethal Sounds] Lethal Sounds loaded!
[Info   :   BepInEx] Loading [MoreCompany 1.9.1]
[Info   :MoreCompany] Loading MoreCompany...
[Info   :MoreCompany] Loading SETTINGS...
[Info   :MoreCompany] Checking: C:\Users\isagn\AppData\Roaming\Thunderstore Mod Manager\DataFolder\LethalCompany\profiles\Default\BepInEx\plugins/MoreCompanyCosmetics
[Info   :MoreCompany] Loading COSMETICS...
[Info   :MoreCompany] Loading DEFAULT COSMETICS...
[Info   :MoreCompany] Loaded cosmetic: builtin.3dglasses from bundle
[Info   :MoreCompany] Loaded cosmetic: builtin.bunnyears from bundle
[Info   :MoreCompany] Loaded cosmetic: builtin.denimhat from bundle
[Info   :MoreCompany] Loaded cosmetic: builtin.fancyglasses from bundle
[Info   :MoreCompany] Loaded cosmetic: builtin.partyglasses from bundle
[Info   :MoreCompany] Loaded cosmetic: builtin.gunholster from bundle
[Info   :MoreCompany] Loaded cosmetic: builtin.hardhat from bundle
[Info   :MoreCompany] Loaded cosmetic: builtin.jesterhat from bundle
[Info   :MoreCompany] Loaded cosmetic: builtin.kittyears from bundle
[Info   :MoreCompany] Loaded cosmetic: builtin.mimemask from bundle
[Info   :MoreCompany] Loaded cosmetic: builtin.fancypants from bundle
[Info   :MoreCompany] Loaded cosmetic: builtin.outoforder from bundle
[Info   :MoreCompany] Loaded cosmetic: builtin.partyhat from bundle
[Info   :MoreCompany] Loaded cosmetic: builtin.plaguemask from bundle
[Info   :MoreCompany] Loaded cosmetic: builtin.propellerhat from bundle
[Info   :MoreCompany] Loaded cosmetic: builtin.eyeballs from bundle
[Info   :MoreCompany] Loaded cosmetic: builtin.rudolph from bundle
[Info   :MoreCompany] Loaded cosmetic: builtin.santahat from bundle
[Info   :MoreCompany] Loaded cosmetic: builtin.slimething from bundle
[Info   :MoreCompany] Loaded cosmetic: builtin.tophat from bundle
[Info   :MoreCompany] Loaded cosmetic: builtin.watch from bundle
[Info   :MoreCompany] Loading USER COSMETICS...
[Info   :MoreCompany] Loaded MoreCompany FULLY
[Info   :   BepInEx] Loading [TooManyEmotes 2.1.14]
[Info   :TooManyEmotes-2.1.14] BindingConfigs
[Info   :TooManyEmotes-2.1.14] Initializing custom emote hotkeys.
[Info   :TooManyEmotes-2.1.14] Successfully loaded 26 animation clips from asset bundle: Assets/emotes_complementary
[Info   :TooManyEmotes-2.1.14] Successfully loaded 83 animation clips from asset bundle: Assets/emotes_0
[Info   :TooManyEmotes-2.1.14] Successfully loaded 117 animation clips from asset bundle: Assets/emotes_1
[Info   :TooManyEmotes-2.1.14] Successfully loaded 79 animation clips from asset bundle: Assets/emotes_2
[Info   :TooManyEmotes-2.1.14] Successfully loaded 7 animation clips from asset bundle: Assets/emotes_3
[Info   :TooManyEmotes-2.1.14] Successfully loaded 4 animation clips from asset bundle: Assets/emotes_special
[Info   :TooManyEmotes-2.1.14] Successfully loaded radial menu asset.
[Info   :TooManyEmotes-2.1.14] Loaded 18 emote props.
[Info   :TooManyEmotes-2.1.14] Loading 132 dmca-free audio clips.
[Info   :TooManyEmotes-2.1.14] Loading 117 dmca audio clips.
[Info   :TooManyEmotes-2.1.14] TooManyEmotes finished loading!
[Info   :   BepInEx] Loading [TVLoader 1.1.1]
[Info   :  TVLoader] C:\Users\isagn\AppData\Roaming\Thunderstore Mod Manager\DataFolder\LethalCompany\profiles\Default\BepInEx\plugins\Nikki-FamilyGuyFunnyMomentsFixed has 30 videos.
[Info   :  TVLoader] Global has 0 videos.
[Info   :  TVLoader] Loaded 30 total.
[Info   :  TVLoader] PluginName: TVLoader, VersionString: 1.1.1 is loaded. Video Count: 30
[Info   :   BepInEx] Loading [More Suits 1.4.3]
[Info   :More Suits] Plugin More Suits is loaded!
[Info   :   BepInEx] Loading [Too Many Suits 1.0.9]
[Info   :Too Many Suits] TooManySuits Mod Loaded.
[Message:   BepInEx] Chainloader startup complete
[Info   : Unity Log] Saving changed settings
[Info   : Unity Log] Facepunch transport is disabled.
[Info   :MoreCompany] LANMenu startLAN Patched
[Info   : Unity Log] Returning week num: 20
[Info   : Unity Log] week num: 20
[Info   : Unity Log] host button pressed
[Info   : Unity Log] Returning week num: 20
[Info   : Unity Log] Clicked local connection only
[Info   : Unity Log] Displaying menu message
[Info   : Unity Log] Connection approval callback! Game version of client request: 
[Info   : Unity Log] Joining client id: 0; Local/host client id: 0
[Info   : Unity Log] Stopped connection approval callback, as the client in question was the host!
[Warning: Unity Log] [Netcode] You cannot decline the host connection. The connection was automatically approved.
[Info   : Unity Log] started host!
[Info   : Unity Log] are we in a server?: True
[Warning: Unity Log] [Dissonance:Recording] (02:55:35.345) CapturePipelineManager: Detected a frame skip, forcing capture pipeline reset (Delta Time:0.200219)
[Info   :TooManyEmotes-2.1.14] Loading AudioManager preferences.
[Info   : Unity Log] Enabling connection callbacks in StartOfRound
[Info   : Unity Log] Began listening to SceneManager_OnLoadComplete1 on this client
[Info   :TooManyEmotes-2.1.14] Initializing emote menu
[Info   :TooManyEmotes-2.1.14] Loading AudioManager preferences.
[Info   :TooManyEmotes-2.1.14] Loading ThirdPersonEmoteController preferences.
[Info   :TooManyEmotes-2.1.14] Initializing animation renderer
[Info   :MoreCompany] ResizePlayerCache: 32
[Info   :MoreCompany] Resizing player cache from 4 to 32 with difference of 28
[Info   : Unity Log] Called teleport function on Player (4)
[Info   : Unity Log] Called teleport function on Player (5)
[Info   : Unity Log] Called teleport function on Player (6)
[Info   : Unity Log] Called teleport function on Player (7)
[Info   : Unity Log] Called teleport function on Player (8)
[Info   : Unity Log] Called teleport function on Player (9)
[Info   : Unity Log] Called teleport function on Player (10)
[Info   : Unity Log] Called teleport function on Player (11)
[Info   : Unity Log] Called teleport function on Player (12)
[Info   : Unity Log] Called teleport function on Player (13)
[Info   : Unity Log] Called teleport function on Player (14)
[Info   : Unity Log] Called teleport function on Player (15)
[Info   : Unity Log] Called teleport function on Player (16)
[Info   : Unity Log] Called teleport function on Player (17)
[Info   : Unity Log] Called teleport function on Player (18)
[Info   : Unity Log] Called teleport function on Player (19)
[Info   : Unity Log] Called teleport function on Player (20)
[Info   : Unity Log] Called teleport function on Player (21)
[Info   : Unity Log] Called teleport function on Player (22)
[Info   : Unity Log] Called teleport function on Player (23)
[Info   : Unity Log] Called teleport function on Player (24)
[Info   : Unity Log] Called teleport function on Player (25)
[Info   : Unity Log] Called teleport function on Player (26)
[Info   : Unity Log] Called teleport function on Player (27)
[Info   : Unity Log] Called teleport function on Player (28)
[Info   : Unity Log] Called teleport function on Player (29)
[Info   : Unity Log] Called teleport function on Player (30)
[Info   : Unity Log] Called teleport function on Player (31)
[Warning: Unity Log] damageTrigger is disabled! Netcode for GameObjects does not support spawning disabled NetworkBehaviours! The InteractTrigger component was skipped during spawn!
[Info   : Unity Log] level id: 0
[Info   : Unity Log] Changing level
[Info   : Unity Log] Item sales percentages #0: 0
[Info   : Unity Log] Item sales percentages #1: 0
[Info   : Unity Log] Item sales percentages #2: 0
[Info   : Unity Log] Item sales percentages #3: 0
[Info   : Unity Log] Item sales percentages #4: 0
[Info   : Unity Log] Item sales percentages #5: 0
[Info   : Unity Log] Item sales percentages #6: 0
[Info   : Unity Log] Item sales percentages #7: 0
[Info   : Unity Log] Item sales percentages #8: 0
[Info   : Unity Log] Item sales percentages #9: 0
[Info   : Unity Log] Item sales percentages #10: 0
[Info   : Unity Log] Item sales percentages #11: 0
[Info   : Unity Log] Item sales percentages #12: 0
[Warning: Unity Log] NetworkVariable is written to, but doesn't know its NetworkBehaviour yet. Are you modifying a NetworkVariable before the NetworkObject is spawned?
[Warning: Unity Log] NetworkVariable is written to, but doesn't know its NetworkBehaviour yet. Are you modifying a NetworkVariable before the NetworkObject is spawned?
[Warning: Unity Log] NetworkVariable is written to, but doesn't know its NetworkBehaviour yet. Are you modifying a NetworkVariable before the NetworkObject is spawned?
[Warning: Unity Log] NetworkVariable is written to, but doesn't know its NetworkBehaviour yet. Are you modifying a NetworkVariable before the NetworkObject is spawned?
[Warning: Unity Log] NetworkVariable is written to, but doesn't know its NetworkBehaviour yet. Are you modifying a NetworkVariable before the NetworkObject is spawned?
[Warning: Unity Log] NetworkVariable is written to, but doesn't know its NetworkBehaviour yet. Are you modifying a NetworkVariable before the NetworkObject is spawned?
[Warning: Unity Log] NetworkVariable is written to, but doesn't know its NetworkBehaviour yet. Are you modifying a NetworkVariable before the NetworkObject is spawned?
[Warning: Unity Log] NetworkVariable is written to, but doesn't know its NetworkBehaviour yet. Are you modifying a NetworkVariable before the NetworkObject is spawned?
[Warning: Unity Log] NetworkVariable is written to, but doesn't know its NetworkBehaviour yet. Are you modifying a NetworkVariable before the NetworkObject is spawned?
[Info   :TooManyEmotes-2.1.14] Loading game values.
[Info   :TooManyEmotes-2.1.14] Resetting unlocked emotes.
[Info   :TooManyEmotes-2.1.14] Loading 0 unlocked emotes for player: Chongler
[Info   :TooManyEmotes-2.1.14] Loading 100 emote credits for player: Chongler
[Info   :TooManyEmotes-2.1.14] Loading 0 unlocked emotes for player: Player #0
[Info   :TooManyEmotes-2.1.14] Loading 100 emote credits for player: Player #0
[Info   :TooManyEmotes-2.1.14] Loaded Seed: 341366478
[Info   : Unity Log] Key 'shipGrabbableItems' does not exist
[Info   :TooManyEmotes-2.1.14] Rotating emote selection in store. Seed: 341366478
[Info   :Too Many Suits] StartOfRound!
[Info   : Unity Log] Item sales percentages #0: 0
[Info   : Unity Log] Item sales percentages #1: 0
[Info   : Unity Log] Item sales percentages #2: 0
[Info   : Unity Log] Item sales percentages #3: 0
[Info   : Unity Log] Item sales percentages #4: 0
[Info   : Unity Log] Item sales percentages #5: 0
[Info   : Unity Log] Item sales percentages #6: 0
[Info   : Unity Log] Item sales percentages #7: 0
[Info   : Unity Log] Item sales percentages #8: 0
[Info   : Unity Log] Item sales percentages #9: 0
[Info   : Unity Log] Item sales percentages #10: 0
[Info   : Unity Log] Item sales percentages #11: 0
[Info   : Unity Log] Item sales percentages #12: 0
[Info   : Unity Log] Group credits: 60
[Info   : Unity Log] Called teleport function on Player
[Info   : Unity Log] Current lobby is null. (Attempted to set lobby joinable True.)
[Info   : Unity Log] Taking control of player Player and enabling camera!
[Info   : Unity Log] Called teleport function on Player (1)
[Info   : Unity Log] Called teleport function on Player (2)
[Info   : Unity Log] Called teleport function on Player (3)
[Info   : Unity Log] Called teleport function on Player (4)
[Info   : Unity Log] Called teleport function on Player (5)
[Info   : Unity Log] Called teleport function on Player (6)
[Info   : Unity Log] Called teleport function on Player (7)
[Info   : Unity Log] Called teleport function on Player (8)
[Info   : Unity Log] Called teleport function on Player (9)
[Info   : Unity Log] Called teleport function on Player (10)
[Info   : Unity Log] Called teleport function on Player (11)
[Info   : Unity Log] Called teleport function on Player (12)
[Info   : Unity Log] Called teleport function on Player (13)
[Info   : Unity Log] Called teleport function on Player (14)
[Info   : Unity Log] Called teleport function on Player (15)
[Info   : Unity Log] Called teleport function on Player (16)
[Info   : Unity Log] Called teleport function on Player (17)
[Info   : Unity Log] Called teleport function on Player (18)
[Info   : Unity Log] Called teleport function on Player (19)
[Info   : Unity Log] Called teleport function on Player (20)
[Info   : Unity Log] Called teleport function on Player (21)
[Info   : Unity Log] Called teleport function on Player (22)
[Info   : Unity Log] Called teleport function on Player (23)
[Info   : Unity Log] Called teleport function on Player (24)
[Info   : Unity Log] Called teleport function on Player (25)
[Info   : Unity Log] Called teleport function on Player (26)
[Info   : Unity Log] Called teleport function on Player (27)
[Info   : Unity Log] Called teleport function on Player (28)
[Info   : Unity Log] Called teleport function on Player (29)
[Info   : Unity Log] Called teleport function on Player (30)
[Info   : Unity Log] Called teleport function on Player (31)
[Info   :TooManyEmotes-2.1.14] Loading ThirdPersonEmoteController preferences.
[Info   :TooManyEmotes-2.1.14] Initializing local player.
[Info   : Unity Log] !!!! ENABLING CAMERA FOR PLAYER: Player
[Info   : Unity Log] !!!! connectedPlayersAmount: 0
[Info   :TooManyEmotes-2.1.14] Rotating emote selection in store. Seed: 341366478
[Info   : Unity Log] Has beta?: {hasBeta}
[Info   : Unity Log] Has beta save data: True
[Warning: Unity Log] BoxColliders does not support negative scale or size.
The effective box size has been forced positive and is likely to give unexpected collision geometry.
If you absolutely need to use negative scaling you can use the convex MeshCollider. Scene hierarchy path "Environment/HangarShip/LightSwitchContainer/PlacementCollider"
[Warning: Unity Log] BoxColliders does not support negative scale or size.
The effective box size has been forced positive and is likely to give unexpected collision geometry.
If you absolutely need to use negative scaling you can use the convex MeshCollider. Scene hierarchy path "Environment/HangarShip/Cube"
[Warning: Unity Log] BoxColliders does not support negative scale or size.
The effective box size has been forced positive and is likely to give unexpected collision geometry.
If you absolutely need to use negative scaling you can use the convex MeshCollider. Scene hierarchy path "Environment/HangarShip/AnimatedShipDoor/HangarDoorLeft (1)"
[Warning: Unity Log] BoxColliders does not support negative scale or size.
The effective box size has been forced positive and is likely to give unexpected collision geometry.
If you absolutely need to use negative scaling you can use the convex MeshCollider. Scene hierarchy path "Environment/HangarShip/ShipBottomColliders/Cube (1)"
[Warning: Unity Log] BoxColliders does not support negative scale or size.
The effective box size has been forced positive and is likely to give unexpected collision geometry.
If you absolutely need to use negative scaling you can use the convex MeshCollider. Scene hierarchy path "Environment/HangarShip/ControlDesk.001"
[Warning: Unity Log] BoxColliders does not support negative scale or size.
The effective box size has been forced positive and is likely to give unexpected collision geometry.
If you absolutely need to use negative scaling you can use the convex MeshCollider. Scene hierarchy path "Environment/HangarShip/ShipBottomColliders/Cube (3)"
[Warning: Unity Log] BoxColliders does not support negative scale or size.
The effective box size has been forced positive and is likely to give unexpected collision geometry.
If you absolutely need to use negative scaling you can use the convex MeshCollider. Scene hierarchy path "Environment/HangarShip/ShipBottomColliders/Cube (7)"
[Warning: Unity Log] BoxColliders does not support negative scale or size.
The effective box size has been forced positive and is likely to give unexpected collision geometry.
If you absolutely need to use negative scaling you can use the convex MeshCollider. Scene hierarchy path "Environment/HangarShip/ShipBottomColliders/Cube (6)"
[Warning: Unity Log] BoxColliders does not support negative scale or size.
The effective box size has been forced positive and is likely to give unexpected collision geometry.
If you absolutely need to use negative scaling you can use the convex MeshCollider. Scene hierarchy path "Environment/HangarShip/ShipBottomColliders/Cube (8)"
[Warning: Unity Log] BoxColliders does not support negative scale or size.
The effective box size has been forced positive and is likely to give unexpected collision geometry.
If you absolutely need to use negative scaling you can use the convex MeshCollider. Scene hierarchy path "Environment/HangarShip/ShipBottomColliders/Cube (5)"
[Warning: Unity Log] BoxColliders does not support negative scale or size.
The effective box size has been forced positive and is likely to give unexpected collision geometry.
If you absolutely need to use negative scaling you can use the convex MeshCollider. Scene hierarchy path "Environment/HangarShip/ShipBottomColliders/Cube (4)"
[Warning: Unity Log] [Dissonance:Recording] (02:55:40.883) CapturePipelineManager: Detected a frame skip, forcing capture pipeline reset (Delta Time:2.239017)
[Warning: Unity Log] BoxColliders does not support negative scale or size.
The effective box size has been forced positive and is likely to give unexpected collision geometry.
If you absolutely need to use negative scaling you can use the convex MeshCollider. Scene hierarchy path "Environment/HangarShip/StorageCloset/Cube.000/Cube"
[Info   : Unity Log] Set interminalmenu to true: True
[Info   :Lethal Sounds] clip: fart-01
[Info   :Lethal Sounds] TerminalPatch Update - Playing fart noise
[Error  : Unity Log] Trying to add Caret (TMPro.TMP_SelectionCaret) for graphic rebuild while we are already inside a graphic rebuild loop. This is not supported.
[Info   : Unity Log] Calling stop animation function StopUsing server rpc for player: 0
[Info   : Unity Log] STOPPING SPECIAL ANIMATION ON LOCAL CLIENT; player who was using: Player #0
[Info   : Unity Log] Quit terminal; inTerminalMenu true?: {playerScript.inTerminalMenu}
[Info   : Unity Log] Set interminalmenu to true: True
[Info   :Lethal Sounds] clip: fart-01
[Info   :Lethal Sounds] TerminalPatch Update - Playing fart noise
[Info   : Unity Log] Calling stop animation function StopUsing server rpc for player: 0
[Info   : Unity Log] STOPPING SPECIAL ANIMATION ON LOCAL CLIENT; player who was using: Player #0
[Info   : Unity Log] Quit terminal; inTerminalMenu true?: {playerScript.inTerminalMenu}
[Info   : Unity Log] Disconnecting and setting networkobjects to destroy with owner
[Info   : Unity Log] Got no ship grabbable items to save.
[Info   :TooManyEmotes-2.1.14] Saving game values.
[Info   :TooManyEmotes-2.1.14] Saving 0 unlocked emotes for player: Chongler
[Info   :TooManyEmotes-2.1.14] Saving 100 emote credits for player: Chongler
[Info   :TooManyEmotes-2.1.14] Saving 19 unlocked emotes for player: Player #0
[Info   :TooManyEmotes-2.1.14] Saving 100 emote credits for player: Player #0
[Info   :TooManyEmotes-2.1.14] Saved Seed: 341366478
[Info   : Unity Log] Shutting down and disconnecting from server. Is host?: True
[Warning: Unity Log] [Dissonance:Recording] (02:56:09.207) BasicMicrophoneCapture: Insufficient buffer space, requested 6400, clamped to 4095 (dropping 2305 samples)
[Info   : Unity Log] Resetting unlockables list!
[Info   : Unity Log] Scene manager is null
[Info   : Unity Log] DISABLING connection callbacks in round manager
[Info   : Unity Log] Terminal disabled, disabling ESC key listener
[Info   :MoreCompany] LANMenu startLAN Patched
[Info   : Unity Log] Returning week num: 20
[Info   : Unity Log] week num: 20
